{
  "RSpec": {
    "coverage": {
      "E:/Projetos/pessoal/Ruby/rede-pet-control-api/config/environment.rb": {
        "lines": [
          null,
          1,
          null,
          null,
          1
        ]
      },
      "E:/Projetos/pessoal/Ruby/rede-pet-control-api/config/application.rb": {
        "lines": [
          1,
          null,
          1,
          null,
          1,
          1,
          1,
          1,
          1,
          1,
          1,
          1,
          1,
          1,
          null,
          1,
          null,
          null,
          null,
          1,
          null,
          1,
          1,
          null,
          1,
          null,
          null,
          null,
          null,
          null,
          null,
          null,
          null,
          null,
          null,
          null,
          null,
          1,
          1,
          1,
          null,
          null
        ]
      },
      "E:/Projetos/pessoal/Ruby/rede-pet-control-api/config/boot.rb": {
        "lines": [
          1,
          null,
          1,
          1
        ]
      },
      "E:/Projetos/pessoal/Ruby/rede-pet-control-api/config/environments/test.rb": {
        "lines": [
          1,
          null,
          null,
          null,
          null,
          null,
          null,
          1,
          null,
          null,
          1,
          null,
          null,
          null,
          null,
          1,
          null,
          null,
          1,
          1,
          null,
          null,
          null,
          null,
          1,
          1,
          1,
          null,
          null,
          1,
          null,
          null,
          1,
          null,
          null,
          1,
          null,
          1,
          null,
          null,
          null,
          null,
          1,
          null,
          null,
          1,
          null,
          null,
          1,
          null,
          null,
          1,
          null,
          null,
          null,
          null,
          null,
          null,
          null
        ]
      },
      "E:/Projetos/pessoal/Ruby/rede-pet-control-api/config/initializers/application_controller_renderer.rb": {
        "lines": [
          null,
          null,
          null,
          null,
          null,
          null,
          null,
          null
        ]
      },
      "E:/Projetos/pessoal/Ruby/rede-pet-control-api/config/initializers/backtrace_silencers.rb": {
        "lines": [
          null,
          null,
          null,
          null,
          null,
          null,
          null,
          1
        ]
      },
      "E:/Projetos/pessoal/Ruby/rede-pet-control-api/config/initializers/cors.rb": {
        "lines": [
          null,
          null,
          null,
          null,
          null,
          null,
          null,
          1,
          1,
          1,
          null,
          1,
          null,
          null,
          null,
          null
        ]
      },
      "E:/Projetos/pessoal/Ruby/rede-pet-control-api/config/initializers/filter_parameter_logging.rb": {
        "lines": [
          null,
          null,
          null,
          1,
          null,
          null
        ]
      },
      "E:/Projetos/pessoal/Ruby/rede-pet-control-api/config/initializers/inflections.rb": {
        "lines": [
          null,
          null,
          null,
          null,
          null,
          null,
          null,
          null,
          null,
          null,
          null,
          null,
          null,
          null,
          null,
          null
        ]
      },
      "E:/Projetos/pessoal/Ruby/rede-pet-control-api/config/initializers/mime_types.rb": {
        "lines": [
          null,
          null,
          null,
          null
        ]
      },
      "E:/Projetos/pessoal/Ruby/rede-pet-control-api/config/initializers/wrap_parameters.rb": {
        "lines": [
          null,
          null,
          null,
          null,
          null,
          null,
          1,
          1,
          null,
          null,
          null,
          null,
          null,
          null
        ]
      },
      "E:/Projetos/pessoal/Ruby/rede-pet-control-api/spec/factories/roles.rb": {
        "lines": [
          1,
          1,
          3,
          null,
          null
        ]
      },
      "E:/Projetos/pessoal/Ruby/rede-pet-control-api/spec/factories/users.rb": {
        "lines": [
          1,
          1,
          2,
          2,
          2,
          1,
          null,
          null
        ]
      },
      "E:/Projetos/pessoal/Ruby/rede-pet-control-api/config/routes.rb": {
        "lines": [
          1,
          1,
          1,
          1,
          1,
          1,
          1,
          1,
          1,
          1,
          1,
          1,
          null,
          null,
          null
        ]
      },
      "E:/Projetos/pessoal/Ruby/rede-pet-control-api/app/models/role.rb": {
        "lines": [
          1,
          null
        ]
      },
      "E:/Projetos/pessoal/Ruby/rede-pet-control-api/app/models/application_record.rb": {
        "lines": [
          1,
          1,
          null
        ]
      },
      "E:/Projetos/pessoal/Ruby/rede-pet-control-api/spec/models/user_spec.rb": {
        "lines": [
          1,
          null,
          1,
          1,
          1,
          1,
          1,
          null,
          null,
          null,
          1,
          2,
          2,
          2,
          2,
          null,
          null
        ]
      },
      "E:/Projetos/pessoal/Ruby/rede-pet-control-api/app/models/user.rb": {
        "lines": [
          1,
          1,
          null,
          1,
          null,
          1,
          1,
          null
        ]
      }
    },
    "timestamp": 1655155375
  }
}
